生成启动时间为 2015/9/24 13:06:23。
     1>项目“F:\vs2013projects\RTAppMain\SourceCode\SubModule\Object\Object.vcxproj”在节点 2 上(Build 个目标)。
     1>ClCompile:
         F:\vs2013\VC\bin\CL.exe /c /I..\..\Include\MATH3D /I..\..\Include\GDAL /I..\..\Include\OBJECT /ZI /nologo /W3 /WX- /sdl /Od /Oy- /D WIN32 /D _DEBUG /D _CONSOLE /D _LIB /D _CRT_SECURE_NO_WARNINGS /D _UNICODE /D UNICODE /Gm /EHsc /RTC1 /MDd /GS /fp:precise /Zc:wchar_t /Zc:forScope /Fo"Debug\\" /Fd"Debug\vc120.pdb" /Gd /TP /analyze- /errorReport:prompt CLightControl.cpp
         CLightControl.cpp
     1>f:\vs2013projects\rtappmain\sourcecode\include\object\lightcontrol.h(58): warning C4244: “=”: 从“double”转换到“float”，可能丢失数据
     1>C:\Program Files (x86)\MSBuild\Microsoft.Cpp\v4.0\V120\Microsoft.CppBuild.targets(1361,5): warning MSB8012: TargetPath(F:\vs2013projects\RTAppMain\SourceCode\Debug\Object.lib) does not match the Library's OutputFile property value (F:\vs2013projects\RTAppMain\SourceCode\Lib\OBJECT\WriteObject.lib). This may cause your project to build incorrectly. To correct this, please make sure that $(OutDir), $(TargetName) and $(TargetExt) property values match the value specified in %(Lib.OutputFile).
     1>C:\Program Files (x86)\MSBuild\Microsoft.Cpp\v4.0\V120\Microsoft.CppBuild.targets(1363,5): warning MSB8012: TargetName(Object) does not match the Library's OutputFile property value (WriteObject). This may cause your project to build incorrectly. To correct this, please make sure that $(OutDir), $(TargetName) and $(TargetExt) property values match the value specified in %(Lib.OutputFile).
       Lib:
         F:\vs2013\VC\bin\Lib.exe /OUT:".\..\..\Lib\OBJECT\WriteObject.lib" /LIBPATH:.\..\..\Lib\GDAL /NOLOGO Debug\CDelaunayTriangulator.obj
         Debug\CDrawable.obj
         Debug\CLightControl.obj
         Debug\CReadDEM.obj
         Debug\CWriteObject.obj
         Debug\File.obj
         Debug\Geometry.obj
         Debug\PrimitiveSet.obj
         Debug\RegisterCom.obj
         Debug\Tessellator.obj
         Object.vcxproj -> F:\vs2013projects\RTAppMain\SourceCode\Debug\Object.lib
     1>已完成生成项目“F:\vs2013projects\RTAppMain\SourceCode\SubModule\Object\Object.vcxproj”(Build 个目标)的操作。

生成成功。

已用时间 00:00:02.66
